<?xml version="1.0" encoding="UTF-8"?>
<testng-results ignored="0" total="2" passed="2" failed="0" skipped="0">
  <reporter-output>
  </reporter-output>
  <suite started-at="2023-09-27T12:35:08 IST" name="Suite" finished-at="2023-09-27T12:35:20 IST" duration-ms="11718">
    <groups>
    </groups>
    <test started-at="2023-09-27T12:35:08 IST" name="Test" finished-at="2023-09-27T12:35:20 IST" duration-ms="11718">
      <class name="com.ame.Tc1_amezomProduct">
        <test-method is-config="true" signature="browserLaunch()[pri:0, instance:com.ame.Tc1_amezomProduct@38d8f54a]" started-at="2023-09-27T12:35:08 IST" name="browserLaunch" finished-at="2023-09-27T12:35:16 IST" duration-ms="8280" status="PASS">
          <reporter-output>
          </reporter-output>
        </test-method> <!-- browserLaunch -->
        <test-method signature="productSearch()[pri:0, instance:com.ame.Tc1_amezomProduct@38d8f54a]" started-at="2023-09-27T12:35:16 IST" name="productSearch" finished-at="2023-09-27T12:35:19 IST" duration-ms="2515" status="PASS">
          <reporter-output>
          </reporter-output>
        </test-method> <!-- productSearch -->
        <test-method signature="selectProduct()[pri:0, instance:com.ame.Tc1_amezomProduct@38d8f54a]" started-at="2023-09-27T12:35:19 IST" name="selectProduct" finished-at="2023-09-27T12:35:19 IST" duration-ms="243" status="PASS">
          <reporter-output>
          </reporter-output>
        </test-method> <!-- selectProduct -->
        <test-method is-config="true" signature="closeBrowser()[pri:0, instance:com.ame.Tc1_amezomProduct@38d8f54a]" started-at="2023-09-27T12:35:19 IST" name="closeBrowser" finished-at="2023-09-27T12:35:20 IST" duration-ms="623" status="PASS">
          <reporter-output>
          </reporter-output>
        </test-method> <!-- closeBrowser -->
      </class> <!-- com.ame.Tc1_amezomProduct -->
    </test> <!-- Test -->
  </suite> <!-- Suite -->
</testng-results>
